[    0.0000]Iniazinggrupubs cpet
[    0.000000] Initiaizng cgroup subsys cpu[   .0000]niiazi cgrup subsys uat
[    0.000000]inx veio 4.4-18-generic (buildd@lcy01-amd64-019) (gcc version 5.4.0 20160609 (Ubuntu 5.4.0-6ubuntu1~16.04.9) ) #154-Ubuntu SMP Fri May 25 14:15:18 UTC 2018 (Ubuntu 4.4.0-128.154-generic 4.4.131)
[    0.000000] Command line: BOOT_IMAGE=/boot/vmlinuz-4.4.0-128-generic root=LABEL=cloudimg-rootfs ro console=tty1 console=ttyS0
[    0.000000] KERNEL supported cpus:
[    0.000000]   Intel GenuineIntel
[    0.000000]   AMD AuthenticAMD
[    0.000000]   Centaur CentaurHauls
[    0.000000] x86/fpu: xstate_offset[2]:  576, xstate_sizes[2]:  256
[    0.000000] x86/fpu: Supporting XSAVE feature 0x01: 'x87 floating point registers'
[    0.000000] x86/fpu: Supporting XSAVE feature 0xx02: 'SSE registers'
[    0.000000] x86/fpu: Supporting XSAVE feature 0x04: 'AVX registers'
[    0.000000] x86/fpu: Enabled xstate features 0x7, context size is 832 bytes, using 'standard' format.
[    0.000000] x86/fpu: Using 'lazy' FPU context switches.
[    0.000000] e820: BIOS-provided physical RAM map:
[    0.000000] BIOS-e820: [mem 0x0000000000000000-0x000000000009fbff] usable
[    0.000000] BIOS-e820: [mem 0x000000000009fc00-0x000000000009ffff] reserved
[    0.000000] BIOS-e820: [mem 0x00000000000f0000-0x00000000000fffff] reserved
[    0.000000] BIOS-e820: [mem 0x0000000000100000-0x00000000bcfeffff] usable
[    0.000000] BIOS-e820: [mem 0x00000000bcff0000-0x00000000bcffffff] ACPI data
[    0.000000] BIOS-e820: [mem 0x00000000fec00000-0x00000000fec00fff] reserved
[    0.000000] BIOS-e820: [mem 0x00000000fee00000-0x00000000fee00fff] reserved
[    0.000000] BIOS-e820: [mem 0x00000000fffc0000-0x00000000ffffffff] reserved
[    0.000000] NX (Execute Disable) protection: active
[    0.000000] SMBIOS 2.5 present.
[    0.000000] Hypervisor detected: KVM
[    0.000000] e820: last_pfn = 0xbcff0 max_arch_pfn = 0x400000000
[    0.000000] MTRR: Disabled
[    0.000000] x86/PAT: MTRRs disabled, skipping PAT initialization too.
[    0.000000] CPU MTRRs all blank - virtualized system.
[    0.000000] x86/PAT: Configuration [0-7]: WB  WT  UC- UC  WB  WT  UC- UC  
[    0.000000] found SMP MP-table at [mem 0x0009fff0-0x0009ffff] mapped at [ffff88000009fff0]
[    0.000000] Scanning 1 areas for low memory corruption
[    0.000000] RAMDISK: [mem 0x36aa2000-0x37548fff]
[    0.000000] ACPI: Early table checksum verification disabled
[    0.000000] ACPI: RSDP 0x00000000000E0000 000024 (v02 VBOX  )
[    0.000000] ACPI: XSDT 0x00000000BCFF0030 00003C (v01 VBOX   VBOXXSDT 00000001 ASL  00000061)
[    0.000000] ACPI: FACP 0x00000000BCFF00F0 0000F4 (v04 VBOX   VBOXFACP 00000001 ASL  00000061)
[    0.000000] ACPI: DSDT 0x00000000BCFF0470 0021FF (v02 VBOX   VBOXBIOS 00000002 INTL 20180105)
[    0.000000] ACPI: FACS 0x00000000BCFF0200 000040
[    0.000000] ACPI: FACS 0x00000000BCFF0200 000040
[    0.000000] ACPI: APIC 0x00000000BCFF0240 00005C (v02 VBOX   VBOXAPIC 00000001 ASL  00000061)
[    0.000000] ACPI: SSDT 0x00000000BCFF02A0 0001CC (v01 VBOX   VBOXCPUT 00000002 INTL 20180105)
[    0.000000] No NUMA configuration found
[    0.000000] Faking a node at [mem 0x0000000000000000-0x00000000bcfeffff]
[    0.000000] NODE_DATA(0) allocated [mem 0xbcfeb000-0xbcfeffff]
[    0.000000] kvm-clock: Using msrs 4b564d01 and 4b564d00
[    0.000000] kvm-clock: cpu 0, msr 0:bcfe3001, primary cpu clock
[    0.000000] kvm-clock: using sched offset of 3426313846 cycles
[    0.000000] clocksource: kvm-clock: mask: 0xffffffffffffffff max_cycles: 0x1cd42e4dffb, max_idle_ns: 881590591483 ns
[    0.000000] Zone ranges:
[    0.000000]   DMA      [mem 0x0000000000001000-0x0000000000ffffff]
[    0.000000]   DMA32    [mem 0x0000000001000000-0x00000000bcfeffff]
[    0.000000]   Normal   empty
[    0.000000]   Device   empty
[    0.000000] Movable zone start for each node
[    0.000000] Early memory node ranges
[    0.000000]   node   0: [mem 0x0000000000001000-0x000000000009efff]
[    0.000000]   node   0: [mem 0x0000000000100000-0x00000000bcfeffff]
[    0.000000] Initmem setup node 0 [mem 0x0000000000001000-0x00000000bcfeffff]
[    0.000000] ACPI: PM-Timer IO Port: 0x4008
[    0.000000] IOAPIC[0]: apic_id 2, version 32, address 0xfec00000, GSI 0-23
[    0.000000] ACPI: INT_SRC_OVR (bus 0 bus_irq 0 global_irq 2 dfl dfl)
[    0.000000] ACPI: INT_SRC_OVR (bus 0 bus_irq 9 global_irq 9 low level)
[    0.000000] Using ACPI (MADT) for SMP configuration information
[    0.000000] smpboot: Allowing 2 CPUs, 0 hotplug CPUs
[    0.000000] PM: Registered nosave memory: [mem 0x00000000-0x00000fff]
[    0.000000] PM: Registered nosave memory: [mem 0x0009f000-0x0009ffff]
[    0.000000] PM: Registered nosave memory: [mem 0x000a0000-0x000effff]
[    0.000000] PM: Registered nosave memory: [mem 0x000f0000-0x000fffff]
[    0.000000] e820: [mem 0xbd000000-0xfebfffff] available for PCI devices
[    0.000000] Booting paravirtualized kernel on KVM
[    0.000000] clocksource: refined-jiffies: mask: 0xffffffff max_cycles: 0xffffffff, max_idle_ns: 7645519600211568 ns
[    0.000000] setup_percpu: NR_CPUS:512 nr_cpumask_bits:512 nr_cpu_ids:2 nr_node_ids:1
[    0.000000] PERCPU: Embedded 34 pages/cpu @ffff8800bca00000 s99544 r8192 d31528 u1048576
[    0.000000] PV qspinlock hash table entries: 256 (order: 0, 4096 bytes)
[    0.000000] Built 1 zonelists in Node order, mobility grouping on.  Total pages: 761912
[    0.000000] Policy zone: DMA32
[    0.000000] Kernel command line: BOOT_IMAGE=/boot/vmlinuz-4.4.0-128-generic root=LABEL=cloudimg-rootfs ro console=tty1 console=ttyS0
[    0.000000] PID hash table entries: 4096 (order: 3, 32768 bytes)
[    0.000000] Memory: 3016848K/3096120K available (8541K kernel code, 1313K rwdata, 4000K rodata, 1512K init, 1316K bss, 79272K reserved, 0K cma-reserved)
[    0.000000] SLUB: HWalign=64, Order=0-3, MinObjects=0, CPUs=2, Nodes=1
[    0.000000] Kernel/User page tables isolation: enabled
[    0.000000] Hierarchical RCU implementation.
[    0.000000] 	Build-time adjustment of leaf fanout to 64.
[    0.000000] 	RCU restricting CPUs from NR_CPUS=512 to nr_cpu_ids=2.
[    0.000000] RCU: Adjusting geometry for rcu_fanout_leaf=64, nr_cpu_ids=2
[    0.000000] NR_IRQS:33024 nr_irqs:440 16
[    0.000000] Console: colour VGA+ 80x25
[    0.000000] console [tty1] enabled
[    0.000000] console [ttyS0] enabled
[    0.000000] tsc: Detected 2095.240 MHz processor
[    1.170746] Calibrating delay loop (skipped) preset value.. 4190.48 BogoMIPS (lpj=8380960)
[    1.172398] pid_max: default: 32768 minimum: 301
[    1.173291] ACPI: Core revision 20150930
[    1.175147] ACPI: 2 ACPI AML tables successfully acquired and loaded
[    1.176413] Security Framework initialized
[    1.177175] Yama: becoming mindful.
[   .177879] AppArmor: AppArmor initialized
[    1.302565] Dentry cache hash table entries: 524288 (order: 10, 4194304 bytes)
[    1.347829] Inode-cache hash table entries: 262144 (order: 9, 2097152 bytes)
[    1.366781] Mount-cache hash table entries: 8192 (order: 4, 65536 bytes)
[    1.367886] Mountpoint-cache hash table entries: 8192 (order: 4, 65536 bytes)
[    1.369616] Initializing cgroup subsys io
[    1.382148] Initializing cgroup subsys memory
[    1.383027] Initializing cgroup subsys devices
[    1.383841] Initializing cgroup subsys freezer
[    1.384701] Initializing cgroup subsys net_cls
[    1.385516] Initializing cgroup subsys perf_event
[    1.386421] Initializing cgroup subsys net_prio
[    1.387247] Initializing cgroup subsys hugetlb
[    1.388059] Initializing cgroup subsys pids
[    1.388889] CPU: Physical Processor ID: 0
[    1.389723] CPU: Processor Core ID: 0
[    1.390781] mce: CPU supports 0 MCE banks
[    1.391560] Last level iTLB entries: 4KB 512, 2MB 8, 4MB 8
[    1.392503] Last level dTLB entries: 4KB 512, 2MB 32, 4MB 32, 1GB 0
[    1.393596] Spectre V2 : Mitigation: Full generic retpoline
[    1.399927] Spectre V2 : Speculation control IBPB not-supported IBRS not-supported
[    1.425234] Speculative Store Bypass: Vulnerable
[    1.428730] Freeing SMP alternatives memory: 32K
[    1.447679] ftrace: allocating 32236 entries in 126 pages
[    1.551993] smpboot: APIC(0) Converting physical 0 to logical package 0
[    1.597866] smpboot: Max logical packages: 1
[    1.667723] x2apic enabled
[    1.668607] Switched APIC routing to physical x2apic.
[    1.670793] ..TIMER: vector=0x30 apic1=0 pin1=2 apic2=-1 pin2=-1
[    1.777288] smpboot: CPU0: Intel(R) Core(TM) i7-3612QM CPU @ 2.10GHz (family: 0x6, model: 0x3a, stepping: 0x9)
[    2.048800] Performance Events: unsupported p6 CPU model 58 no PMU driver, software events only.
[    2.170496] KVM setup paravirtual spinlock
[    2.172398] x86: Booting SMP configuration:
[    2.173540] .... node  #0, CPUs:      #1
[    2.182210] kvm-clock: cpu 1, msr 0:bcfe3041, secondaryccpu clock
[    2.277708] mce: CPU supports 0 MCE banks
[    2.455733] x86: Booted up 1 node, 2 CPUs
[    2.528307] smpboot: Total of 2 processors activated (8380.96 BogoMIPS)
[    2.563319] devtmpfs: initialized
[    2.566993] evm: security.selinux
[    2.567665] evm: security.SMACK64
[    2.568329] evm: security.SMACK64EXEC
[    2.569032] evm: security.SMACK64TRANSMUTE
[    2.569800] evm: security.SMACK64MMAP
[    2.570539] evm: security.ima
[    2.571157] evm: security.capability
[    2.572039] clocksource: jiffies: mask: 0xffffffff max_cycles: 0xffffffff, max_idle_ns: 7645041785100000 ns
[    2.573702] futex hash table entries: 512 (order: 3, 32768 bytes)
[    2.574895] pinctrl core: initialized pinctrl subsystem
[    2.575949] RTC time: 22:39:03, date: 07/06/18
[    2.576934] NET: Registered protocol family 16
[    2.593463] cpuidle: using governor ladder
[    2.609575] cpuidle: using governor menu
[    2.612834] PCCT header not found.
[    2.614150] ACPI: bus type PCI registered
[    2.653737] acpiphp: ACPI Hot Plug PCI Controller Driver version: 0.5
[    2.655028] PCI: Using configuration type 1 for base access
[    2.666766] ACPI: Added _OSI(Module Device)
[    2.669214] ACPI: Added _OSI(Processor Device)
[    2.670504] ACPI: Added _OSI(3.0 _SCP Extensions)
[    2.671813] ACPI: Added _OSI(Processor Aggregator Device)
[    2.674382] ACPI: Executed 1 blocks of module-level executable AML code
[    2.710822] ACPI: Interpreter enabled
[    2.712641] ACPI: (supports S0 S5)
[    2.713370] ACPI: Using IOAPIC for interrupt routing
[    2.725513] PCI: Using host bridge windows from ACPI; if necessary, use "pci=nocrs" and report a bug
[    2.788482] ACPI: PCI Root Bridge [PCI0] (domain 0000 [bus 00-ff])
[    2.889157] acpi PNP0A03:00: _OSC: OS supports [ASPM ClockPM Segments MSI]
[    2.890510] acpi PNP0A03:00: _OSC: not requesting OS control; OS requires [ExtendedConfig ASPM ClockPM MSI]
[    2.892282] acpi PNP0A03:00: fail to add MMCONFIG information, can't access extended PCI configuration space under this bridge.
[    2.894593] PCI host bridge to bus 0000:00
[    2.895352] pci_bus 0000:00: root bus resource [io  0x0000-0x0cf7 window]
[    2.896550] pci_bus 0000:00: root bus resource [io  0x0d00-0xffff window]
[    2.897708] pci_bus 0000:00: root bus resource [mem 0x000a0000-0x000bffff window]
[    2.899191] pci_bus 0000:00: root bus resource [mem 0xbd000000-0xfdffffff window]
[    2.900630] pci_bus 0000:00: root bus resource [bus 00-ff]
[    2.903154] pci 0000:00:01.1: legacy IDE quirk: reg 0x10: [io  0x01f0-0x01f7]
[    2.904399] pci 0000:00:01.1: legacy IDE quirk: reg 0x14: [io  0x03f6]
[    2.915400] pci 0000:00:01.1: legacy IDE quirk: reg 0x18: [io  0x0170-0x0177]
[    2.916641] pci 0000:00:01.1: legacy IDE quirk: reg 0x1c: [io  0x0376]
[    2.959123] pci 0000:00:07.0: quirk: [io  0x4000-0x403f] claimed by PIIX4 ACPI
[    3.170856] pci 0000:00:07.0: quirk: [io  0x4100-0x410f] claimed by PIIX4 SMB
[    3.237696] ACPI: PCI Interrupt Link [LNKA] (IRQs 5 9 10 *11)
[    3.248088] ACPI: PCI Interrupt Link [LNKB] (IRQs 5 9 *10 11)
[    3.251219] ACPI: PCI Interrupt Link [LNKC] (IRQs 5 *9 10 11)
[    3.253155] ACPI: PCI Interrupt Link [LNKD] (IRQs 5 9 10 *11)
[    3.255130] ACPI: Enabled 2 GPEs in block 00 to 07
[    3.256899] vgaarb: setting as boot device: PCI:0000:00:02.0
[    3.259271] vgaarb: device added: PCI:0000:00:02.0,decodes=io+mem,owns=io+mem,locks=none
[    3.261269] vgaarb: loaded
[    3.262084] vgaarb: bridge control possible 0000:00:02.0
[    3.263698] SCSI subsystem initialized
[    3.266995] ACPI: bus type USB registered
[    3.269676] usbcore: registered new interface driver usbfs
[    3.275146] usbcore: registered new interface driver hub
[    3.276556] usbcore: registered new device driver usb
[    3.278386] PCI: Using ACPI for IRQ routing
[    3.280382] NetLabel: Initializing
[    3.281819] NetLabel:  domain hash size = 128
[    3.320909] NetLabel:  protocols = UNLABELED CIPSOv4
[    3.469875] NetLabel:  unlabeled traffic allowed by default
[    3.530477] amd_nb: Cannot enumerate AMD northbridges
[    3.531467] clocksource: Switched to clocksource kvm-clock
[    3.539975] AppArmor: AppArmor Filesystem Enabled
[    3.544509] pnp: PnP ACPI init
[    3.546037] pnp: PnP ACPI: found 3 devices
[    3.558245] clocksource: acpi_pm: mask: 0xffffff max_cycles: 0xffffff, max_idle_ns: 2085701024 ns
[    3.565313] NET:egted otolamy 

[    3.947162] TCP established hash table entries: 32768 (order: 6, 262144 bytes)
[    4.005057] TCP bind hash table entries: 32768 (order: 7, 524288 bytes)
[    4.006720] TCP: Hash tables configured (established 32768 bind 32768)
[    4.007873] UDP hash table entries: 2048 (order: 4, 65536 bytes)
[    4.008938] UDP-Lite hash table entries: 2048 (order: 4, 65536 bytes)
[    4.010113] NET: Registered protocol family 1
[    4.010937] pci 0000:00:00.0: Limiting direct PCI/PCI transfers
[    4.011960] pci 0000:00:01.0: Activating ISA DMA hang workarounds
[    4.013107] Unpacking initramfs...
[    5.736739] Freeing initrd memory: 10908K
[    5.820744] RAPL PMU detected, API unit is 2^-32 Joules, 3 fixed counters 10737418240 ms ovfl timer
[    5.940625] hw unit of domain pp0-core 2^-0 Joules
[    5.941503] hw unit of domain package 2^-0 Joules
[    5.942344] hw unit of domain pp1-gpu 2^-0 Joules
[    5.943277] platform rtc_cmos: registered platform RTC device (no PNP device found)
[    6.082050] Scanning for low memory corruption every 60 seconds
[    6.405096] audit: initializing netlink subsys (disabled)
[    6.452503] audit: type=2000 audit(1530916748.672:1): initialized
[    6.454281] Initialise system trusted keyring
[    6.455612] HugeTLB registered 2 MB page size, pre-allocated 0 pages
[    6.458565] zbud: loaded
[    6.459787] VFS: Disk quotas dquot_6.6.0
[    6.460821] VFS: Dquot-cache hash table entries: 512 (order 0, 4096 bytes)
[    6.462283] squashfs: version 4.0 (2009/01/31) Phillip Lougher
[    6.463751] fuse init (API version 7.23)
[    6.464687] Key type big_key registered
[    6.465498] Allocating IMA MOK and blacklist keyrings.
[    6.468325] Key type asymmetric registered
[    6.473124] Asymmetric key parser 'x509' registered
[    6.484118] Block layer SCSI generic (bsg) driver version 0.4 loaded (major 249)
[    6.485856] io scheduler noop registered
[    6.486774] io scheduler deadline registered (default)
[    6.487902] io scheduler cfq registered
[    6.492477] pci_hotplug: PCI Hot Plug PCI Core version: 0.5
[    6.544778] pciehp: PCI Express Hot Plug Controller Driver version: 0.4
[    6.725841] ACPI: AC Adapter [AC] (on-line)
[    6.849183] input: Power Button as /devices/LNXSYSTM:00/LNXPWRBN:00/input/input0
[    7.026526] tsc: Refined TSC clocksource calibration: 2094.145 MHz
[    7.260906] clocksource: tsc: mask: 0xffffffffffffffff max_cycles: 0x1e2f959f630, max_idle_ns: 440795265617 ns
[    7.260977] ACPI: Power Button [PWRF]
[    7.261079] input: Sleep Button as /devices/LNXSYSTM:00/LNXSLPBN:00/input/input1
[    7.261081] ACPI: Sleep Button [SLPF]
[    7.261860] ACPI: Battery Slot [BAT0] (battery present)
[    7.261894] GHES: HEST is not enabled!
[    7.426779] Serial: 8250/16550 driver, 32 ports, IRQ sharing enabled
[    7.449545] 00:02: ttyS0 at I/O 0x3f8 (irq = 4, base_baud = 115200) is a 16550A
[    7.567269] Linux agpgart interface v0.103
[    7.570375] loop: module loaded
[    7.571044] scsi host0: ata_piix
[    7.571130] scsi host1: ata_piix
[    7.571175] ata1: PATA max UDMA/33 cmd 0x1f0 ctl 0x3f6 bmdma 0xd000 irq 14
[    7.571176] ata2: PATA max UDMA/33 cmd 0x170 ctl 0x376 bmdma 0xd008 irq 15
[    7.571269] libphy: Fixed MDIO Bus: probed
[    7.571271] tun: Universal TUN/TAP device driver, 1.6
[    7.571272] tun: (C) 1999-2004 Max Krasnyansky <maxk@qualcomm.com>
[    7.571636] PPP generic driver version 2.4.2
[    7.571699] ehci_hcd: USB 2.0 'Enhanced' Host Controller (EHCI) Driver
[    7.571706] ehci-pci: EHCI PCI platform driver
[    7.571726] ehci-platform: EHCI generic platform driver
[    7.571736] ohci_hcd: USB 1.1 'Open' Host Controller (OHCI) Driver
[    7.571741] ohci-pci: OHCI PCI platform driver
[    7.571755] ohci-platform: OHCI generic platform driver
[    7.571766] uhci_hcd: USB Universal Host Controller Interface driver
[    7.571836] i8042: PNP: PS/2 Controller [PNP0303:PS2K,PNP0f03:PS2M] at 0x60,0x64 irq 1,12
[    7.575349] serio: i8042 KBD port at 0x60,0x64 irq 1
[    7.575355] serio: i8042 AUX port at 0x60,0x64 irq 12
[    7.575487] mousedev: PS/2 mouse device common for all mice
[    7.576111] rtc_cmos rtc_cmos: rtc core: registered rtc_cmos as rtc0
[    7.576307] rtc_cmos rtc_cmos: alarms up to one day, 114 bytes nvram
[    7.576318] i2c /dev entries driver
[    7.576397] device-mapper: uevent: version 1.0.3
[    7.576457] device-mapper: ioctl: 4.34.0-ioctl (2015-10-28) initialised: dm-devel@redhat.com
[    7.576479] ledtrig-cpu: registered to indicate activity on CPUs
[    7.576859] NET: Registered protocol family 10
[    7.577095] NET: Registered protocol family 17
[    7.577131] Key type dns_resolver registered
[    7.577501] registered taskstats version 1
[    7.577526] Loading compiled-in X.509 certificates
[    7.578505] Loaded X.509 cert 'Build time autogenerated kernel key: fc7b57a7df019f2655f66a8a374d74ee8f4999fc'
[    7.578533] zswap: loaded using pool lzo/zbud
[    7.580683] Key type trusted registered
[    7.583931] Key type encrypted registered
[    7.583937] AppArmor: AppArmor sha1 policy hashing enabled
[    7.583941] ima: No TPM chip found, activating TPM-bypass!
[    7.583960] evm: HMAC attrs: 0x1
[    7.584323]   Magic number: 10:922:703
[    7.584778] rtc_cmos rtc_cmos: setting system clock to 2018-07-06 22:39:08 UTC (1530916748)
[    7.584868] BIOS EDD facility v0.16 2004-Jun-25, 0 devices found
[    7.584868] EDD information not available.
[    7.685287] input: AT Translated Set 2 keyboard as /devices/platform/i8042/serio0/input/input2
[    8.525996] Freeing unused kernel memory: 1512K
[    8.663544] Write protecting the kernel read-only data: 14336k
[    9.285068] Freeing unused kernel memory: 1688K
[    9.704796] Freeing unused kernel memory: 96K
Loading, please wait...
starting version[    9.728818] random: systemd-udevd: uninitialized urandom read (16 bytes read, 3 bits of entropy available)
 229
[    9.729764] random: udevadm: uninitialized urandom read (16 bytes read, 3 bits of entropy available)
[    9.729795] random: udevadm: uninitialized urandom read (16 bytes read, 3 bits of entropy available)
[    9.740942] random: systemd-udevd: uninitialized urandom read (16 bytes read, 3 bits of entropy available)
[    9.742510] random: udevadm: uninitialized urandom read (16 bytes read, 3 bits of entropy available)
[    9.742560] random: udevadm: uninitialized urandom read (16 bytes read, 3 bits of entropy available)
[    9.742727] random: udevadm: uninitialized urandom read (16 bytes read, 3 bits of entropy available)
[    9.742795] random: udevadm: uninitialized urandom read (16 bytes read, 3 bits of entropy available)
[    9.742861] random: udevadm: uninitialized urandom read (16 bytes read, 3 bits of entropy available)
[    9.742924] random: udevadm: uninitialized urandom read (16 bytes read, 3 bits of entropy available)
[    9.794663] e1000: Intel(R) PRO/1000 Network Driver - version 7.3.21-k8-NAPI
[   10.164852] e1000: Copyright (c) 1999-2006 Intel Corporation.
[   10.415446] Fusion MPT base driver 3.04.20
[   10.732567] Copyright (c) 1999-2008 LSI Corporation
[   10.800056] Fusion MPT SPI Host driver 3.04.20
[   10.847595] AVX version of gcm_enc/dec engaged.
[   10.984544] AES CTR mode by8 optimization enabled
[   11.168248] input: ImExPS/2 Generic Explorer Mouse as /devices/platform/i8042/serio1/input/input4
[   11.241619] e1000 0000:00:03.0 eth0: (PCI:33MHz:32-bit) 02:38:b8:f5:60:7e
[   11.529615] e1000 0000:00:03.0 eth0: Intel(R) PRO/1000 Network Connection
[   11.531787] mptbase: ioc0: Initiating bringup
[   11.614484] ioc0: LSI53C1030 A0: Capabilities={Initiator}
[   11.836697] scsi host2: ioc0: LSI53C1030 A0, FwRev=00000000h, Ports=1, MaxQ=256, IRQ=20
[   11.975263] scsi 2:0:0:0: Direct-Access     VBOX     HARDDISK         1.0  PQ: 0 ANSI: 5
[   12.017488] scsi target2:0:0: Beginning Domain Validation
[   12.023070] scsi target2:0:0: Domain Validation skipping write tests
[   12.025362] scsi target2:0:0: Ending Domain Validation
[   12.040177] scsi target2:0:0: asynchronous
[   12.043611] scsi 2:0:1:0: Direct-Access     VBOX     HARDDISK         1.0  PQ: 0 ANSI: 5
[   12.046338] scsi target2:0:1: Beginning Domain Validation
[   12.064930] scsi target2:0:1: Domain Validation skipping write tests
[   12.068303] scsi target2:0:1: Ending Domain Validation
[   12.070456] scsi target2:0:1: asynchronous
[   12.080264] sd 2:0:0:0: Attached scsi generic sg0 type 0
[   12.087896] sd 2:0:0:0: [sda] 20971520 512-byte logical blocks: (10.7 GB/10.0 GiB)
[   12.094104] sd 2:0:1:0: [sdb] 20480 512-byte logical blocks: (10.5 MB/10.0 MiB)
[   12.096717] sd 2:0:0:0: [sda] Write Protect is off
[   12.097724] sd 2:0:1:0: Attached scsi generic sg1 type 0
[   12.103965] sd 2:0:1:0: [sdb] Write Protect is off
[   12.106153] sd 2:0:0:0: [sda] Incomplete mode parameter data
[   12.110518] sd 2:0:0:0: [sda] Assuming drive cache: write through
[   12.112739] sd 2:0:1:0: [sdb] Incomplete mode parameter data
[   12.113745] sd 2:0:1:0: [sdb] Assuming drive cache: write through
[   12.124265]  sda: sda1
[   12.131050] sd 2:0:0:0: [sda] Attached SCSI disk
[   12.152703] sd 2:0:1:0: [sdb] Attached SCSI disk
[   12.343429] e1000 0000:00:08.0 eth1: (PCI:33MHz:32-bit) 08:00:27:4c:be:9f
[   12.346099] e1000 0000:00:08.0 eth1: Intel(R) PRO/1000 Network Connection
[   12.348465] e1000 0000:00:08.0 enp0s8: renamed from eth1
[   12.359826] e1000 0000:00:03.0 enp0s3: renamed from eth0
Begin: Loading e[   13.719369] md: linear personality registered for level -1
ssential drivers[   13.907456] md: multipath personality registered for level -4
 ... [   14.018109] md: raid0 personality registered for level 0
[   14.147252] md: raid1 personality registered for level 1
[   14.223499] raid6: sse2x1   gen()  7708 MB/s
[   14.383496] raid6: sse2x1   xor()  6566 MB/s
[   14.555494] raid6: sse2x2   gen() 10026 MB/s
[   14.739494] raid6: sse2x2   xor()  7021 MB/s
[   14.923492] raid6: sse2x4   gen() 11896 MB/s
[   15.107496] raid6: sse2x4   xor()  8604 MB/s
[   15.174340] raid6: using algorithm sse2x4 gen() 11896 MB/s
[   15.189455] raid6: .... xor() 8604 MB/s, rmw enabled
[   15.190463] raid6: using ssse3x2 recovery algorithm
[   15.194146] xor: automatically using best checksumming function:
[   15.261773]    avx       : 35924.000 MB/sec
[   15.264108] async_tx: api initialized (async)
[   15.271616] md: raid6 personality registered for level 6
[   15.274820] md: raid5 personality registered for level 5
[   15.276115] md: raid4 personality registered for level 4
[   15.283451] md: raid10 personality registered for level 10
done.
Begin: Running /scripts/init-premount ... done.
Begin: Mounting root file system ... Begin: Running /scripts/local-top ... done.
Begin: Running /scripts/local-premount ... [   15.328845] Btrfs loaded
Scanning for Btrfs filesystems
done.
Warning: fsck no[   15.402723] EXT4-fs (sda1): INFO: recovery required on readonly filesystem
t present, so skipping root file system
[   15.413544] EXT4-fs (sda1): write access will be enabled during recovery
[   15.714925] EXT4-fs (sda1): orphan cleanup on readonly fs
[   16.047627] EXT4-fs (sda1): 4 orphan inodes deleted
[   16.594343] EXT4-fs (sda1): recovery complete
[   16.634522] EXT4-fs (sda1): mounted filesystem with ordered data mode. Opts: (null)
done.
Begin: Running /scripts/local-bottom ... done.
Begin: Running /scripts/init-bottom ... done.
[   17.258272] systemd[1]: systemd 229 running in system mode. (+PAM +AUDIT +SELINUX +IMA +APPARMOR +SMACK +SYSVINIT +UTMP +LIBCRYPTSETUP +GCRYPT +GNUTLS +ACL +XZ -LZ4 +SECCOMP +BLKID +ELFUTILS +KMOD -IDN)
[   17.293128] systemd[1]: Detected virtualization oracle.
[   17.294067] systemd[1]: Detected architecture x86-64.

Welcome to [1mUbuntu 16.04.4 LTS[0m!

[   17.340597] systemd[1]: Set hostname to <ubuntu-xenial>.
[   17.493694] random: nonblocking pool is initialized
[   18.313799] systemd[1]: Reached target Swap.
[[0;32m  OK  [0m] Reached target Swap.
[   18.469338] systemd[1]: Listening on LVM2 poll daemon socket.
[[0;32m  OK  [0m] Listening on LVM2 poll daemon socket.
[   18.471973] systemd[1]: Listening on udev Kernel Socket.
[[0;32m  OK  [0m] Listening on udev Kernel Socket.
[   18.480215] systemd[1]: Created slice User and Session Slice.
[[0;32m  OK  [0m] Created slice User and Session Slice.
[   18.536093] systemd[1]: Listening on Journal Socket (/dev/log).
[[0;32m  OK  [0m] Listening on Journal Socket (/dev/log).
[   18.586110] systemd[1]: Reached target System Time Synchronized.
[[0;32m  OK  [0m] Reached target System Time Synchronized.
[   18.588433] systemd[1]: Listening on Syslog Socket.
[[0;32m  OK  [0m] Listening on Syslog Socket.
[   18.590654] systemd[1]: Set up automount Arbitrary Executable File Formats File System Automount Point.
[[0;32m  OK  [0m] Set up automount Arbitrary Executab...ats File System Automount Point.
[   18.594213] systemd[1]: Started Forward Password Requests to Wall Directory Watch.
[[0;32m  OK  [0m] Started Forward Password Requests to Wall Directory Watch.
[   18.597406] systemd[1]: Started Trigger resolvconf update for networkd DNS.
[[0;32m  OK  [0m] Started Trigger resolvconf update for networkd DNS.
[   18.600156] systemd[1]: Listening on Device-mapper event daemon FIFOs.
[[0;32m  OK  [0m] Listening on Device-mapper event daemon FIFOs.
[   18.603960] systemd[1]: Listening on Journal Socket.
[[0;32m  OK  [0m] Listening on Journal Socket.
[   18.606101] systemd[1]: Reached target Encrypted Volumes.
[[0;32m  OK  [0m] Reached target Encrypted Volumes.
[   18.608434] systemd[1]: Listening on Journal Audit Socket.
[[0;32m  OK  [0m] Listening on Journal Audit Socket.
[   18.611160] systemd[1]: Created slice System Slice.
[[0;32m  OK  [0m] Created slice System Slice.
[   18.623666] systemd[1]: Mounting POSIX Message Queue File System...
         Mounting POSIX Message Queue File System...
[   18.672496] systemd[1]: Starting Load Kernel Modules...
         Starting Load Kernel Modules...
[   18.679488] systemd[1]: Starting Remount Root and Kernel File Systems...
         Starting Remount Root and Kernel File Systems...
[   18.684167] systemd[1]: Mounting Huge Pages File System...
         Mounting Huge Pages File System...
[   18.687637] systemd[1]: Starting Journal Service...
         Starting Journal Service...
[   18.700500] systemd[1]: Mounting Debug File System...
         Mounting Debug File System...
[   18.703741] systemd[1]: Reached target Slices.
[[0;32m  OK  [0m] Reached target Slices.
[   18.706186] systemd[1]: Listening on LVM2 metadata daemon socket.
[[0;32m  OK  [0m] Listening on LVM2 metadata daemon socket.
[   18.710112] systemd[1]: Starting Monitoring of LVM2 mirrors, snapshots etc. using dmeventd or progress polling...
[   18.835713] EXT4-fs (sda1): re-mounted. Opts: (null)
         Starting Monitoring of LVM2 mirrors... dmeventd or progress polling...
[   18.854364] systemd[1]: Created slice system-serial\x2dgetty.slice.
[[0;32m  OK  [0m] Created slice system-serial\[   18.877541] Loading iSCSI transport class v2.0-870.
x2dgetty.slice.
[   19.170920] systemd[1]: Listening on udev Control Socket.
[[0;32m  OK  [[   19.310706] iscsi: registered transport (tcp)
0m] Listening on udev Control Socket.
[   19.587831] systemd[1]: Starting Set console keymap...
         Starting Set console keymap...
[   20.137755] systemd[1]: Starting Uncomplicated firewall...
         Starting Uncomplicated firewall...
[   20.344080] systemd[1]: Listening on /dev/initctl Compatibility Named Pipe.
[[0;32m  OK  [0m] Listening on /dev/initctl Compatibility Named Pipe.
[   20.402093] systemd[1]: Reached target User and Group Name Lookups.
[[0;32m  OK  [0m] Reached target User and Group Name Lookups.
[   20.415798] systemd[1]: Starting Create list of required static device nodes for the current kernel...
[   20.603256] iscsi: registered transport (iser)
         Starting Create list of required st... nodes for the current kernel...
[   20.659738] systemd[1]: Starting Nameserver information manager...
         Starting Nameserver information manager...
[   20.682083] systemd[1]: Mounted Debug File System.
[[0;32m  OK  [0m] Mounted Debug File System.
[   20.688067] systemd[1]: Mounted POSIX Message Queue File System.
[[0;32m  OK  [0m] Mounted POSIX Message Queue File System.
[   20.690745] systemd[1]: Mounted Huge Pages File System.
[[0;32m  OK  [0m] Mounted Huge Pages File System.
[   20.693445] systemd[1]: Started Journal Service.
[[0;32m  OK  [0m] Started Journal Service.
[[0;32m  OK  [0m] Started Load Kernel Modules.
[[0;32m  OK  [0m] Started Remount Root and Kernel File Systems.
[[0;32m  OK  [0m] Started Set console keymap.
[[0;32m  OK  [0m] Started Uncomplicated firewall.
[[0;32m  OK  [0m] Started Create list of required sta...ce nodes for the current kernel.
[[0;32m  OK  [0m] Started Nameserver information manager.
[[0;32m  OK  [0m] Started LVM2 metadata daemon.
         Starting Create Static Device Nodes in /dev...
         Starting Load/Save Random Seed...
         Starting udev Coldplug all Devices...
         Mounting FUSE Control File System...
         Starting Apply Kernel Variables...
         Starting Flush Journal to Persistent Storage...
[[0;32m  OK  [0m] Mounted FUSE Control File System.
[[0;32m  OK  [0m] Started Monitoring of LVM2 mirrors,...ng dmeventd or progress polling.
[[0;32m  OK  [0m] Started Create Static Device Nodes in /dev.
[[0;32m  OK  [0m] Started Load/Save Random Seed.
[   21.457782] systemd-journald[373]: Received request to flush runtime journal from PID 1
         Starting udev Kernel Device Manager...
[[0;32m  OK  [0m] Started Apply Kernel Variables.
[[0;32m  OK  [0m] Started udev Coldplug all Devices.
[[0;32m  OK  [0m] Started Flush Journal to Persistent Storage.
[[0;32m  OK  [0m] Started udev Kernel Device Manager.
[[0;32m  OK  [0m] Started Dispatch Password Requests to Console Directory Watch.
[[0;32m  OK  [0m] Reached target Local File Systems (Pre).
[[0;32m  OK  [0m] Reached target Local File Systems.
         Starting Tell Plymouth To Write Out Runtime Data...
         Starting Initial cloud-init job (pre-networking)...
         Starting Create Volatile Files and Directories...
         Starting Set console font and keymap...
         Starting LSB: AppArmor initialization...
[[0;32m  OK  [0m] Started Tell Plymouth To Write Out Runtime Data.
[[0;32m  OK  [0m] Found device /dev/ttyS0.
[[0;32m  OK  [0m] Started Create Volatile Files and Directories.
         Starting Update UTMP about System Boot/Shutdown...
[[0;32m  OK  [0m] Found device 82540EM Gigabit Ethern...r (PRO/1000 MT Desktop Adapter).
[[0;32m  OK  [0m] Found device 82540EM Gigabit Ethern...r (PRO/1000 MT Desktop Adapter).
[[0;32m  OK  [0m] Started Set console font and keymap.
[[0;32m  OK  [0m] Created slice system-getty.slice.
[[0;32m  OK  [0m] Listening on Load/Save RF Kill Switch Status /dev/rfkill Watch.
[[0;32m  OK  [0m] Started Update UTMP about System Boot/Shutdown.
[[0;32m  OK  [0m] Started LSB: AppArmor initialization.
[   23.110904] cloud-init[479]: Cloud-init v. 18.2 running 'init-local' at Fri, 06 Jul 2018 22:39:26 +0000. Up 22.67 seconds.
[[0;32m  OK  [0m] Started Initial cloud-init job (pre-networking).
[[0;32m  OK  [0m] Reached target Network (Pre).
[[0;32m  OK  [0m] Started ifup for enp0s8.
[[0;32m  OK  [0m] Started ifup for enp0s3.
         Starting Raise network interfaces...
[[0;32m  OK  [0m] Started Raise network interfaces.
[[0;32m  OK  [0m] Reached target Network.
         Starting Initial cloud-init job (metadata service crawler)...
[   25.133390] cloud-init[1090]: Cloud-init v. 18.2 running 'init' at Fri, 06 Jul 2018 22:39:27 +0000. Up 23.84 seconds.
[   25.145178] cloud-init[1090]: ci-info: ++++++++++++++++++++++++++++++++++++++Net device info++++++++++++++++++++++++++++++++++++++
[   25.205107] cloud-init[1090]: ci-info: +--------+------+-----------------------------+---------------+-------+-------------------+
[   25.205465] cloud-init[[1090]: [0;32m  OK  [0mci-info: | Device |  Up  |           Address           |      Mask     | Scope |     Hw-Address    |] 
Started Initial cloud-init job (metadata service crawler).
[   25.205790] cloud-init[1090]: ci-info: +--------+------+-----------------------------+---------------+-------+-------------------+
[   25.224216] cloud-init[1090]: ci-info: | enp0s3 | True |          10.0.2.15          | 255.255.255.0 |   .   | 02:38:b8:f5:60:7e |
[   25.224686] cloud-init[1090]: ci-info: | enp0s3 | True |  fe80::38:b8ff:fef5:607e/64 |       .       |  link | 02:38:b8:f5:60:7e |
[[0;32m  OK  [0m] Reached target Cloud-config availability.
[   25.224913] cloud-init[1090]: ci-info: | enp0s8 | True |        192.168.33.30        | 255.255.255.0 |   .   | 08:00:27:4c:be:9f |
[   25.257115] cloud-init[1090]: ci-info: | enp0s8 | True | fe80::a00:27ff:fe4c:be9f/64 |       .       |  link | 08:00:27:4c:be:9f |
[   25.257519] cloud-init[1090]: ci-info: |   lo   | True |          127.0.0.1          |   255.0.0.0   |   .   |         .         |
[   25.257734] cloud-init[1090]: ci-info: |   lo   | True |           ::1/128           |       .       |  host |         .         |
[[0;32m  OK  [0m] Reached target System Initialization.
[   25.257973] cloud-init[1090]: ci-info: +--------+------+-----------------------------+---------------+-------+-------------------+
[   25.323814] cloud-init[1090]: ci-info: ++++++++++++++++++++++++++++Route IPv4 info++++++++++++++++++++++++++++
[   25.324247] cloud-init[1090]: ci-info: +-------+--------------+----------+---------------+-----------+-------+
[   25.324678] cloud-init[1090]: ci-info: | Route | Destination  | Gateway  |    Genmask    | Interface | Flags |
[   25.324832] cloud-init[1090]: ci-info: +-------+--------------+----------+---------------+-----------+-------+
[   25.324957] cloud-init[1090]: ci-info: |   0   |   0.0.0.0    | 10.0.2.2 |    0.0.0.0    |   enp0s3  |   UG  |
[   25.325095] cloud-init[1090]: ci-info: |   1   |   10.0.2.0   | 0.0.0.0  | 255.255.255.0 |   enp0s3  |   U   |
[   25.325230] cloud-init[1090]: ci-info: |   2   | 192.168.33.0 | 0.0.0.0  | 255.255.255.0 |   enp0s8  |   U   |
[   25.325367] cloud-init[1090]: ci-info: +-------+--------------+----------+---------------+-----------+-------+
[[0;32m  OK  [0m] Started ACPI Events Check.
[[0;32m  OK  [0m] Reached target Paths.
[[0;32m  OK  [0m] Listening on ACPID Listen Socket.
[[0;32m  OK  [0m] Listening on D-Bus System Message Bus Socket.
[[0;32m  OK  [0m] Started Daily apt download activities.
         Starting LXD - unix socket.
[[0;32m  OK  [0m] Listening on UUID daemon activation socket.
[[0;32m  OK  [0m] Started Daily Cleanup of Temporary Directories.
         Starting Socket activation for snappy daemon.
[[0;32m  OK  [0m] Started Daily apt upgrade and clean activities.
[[0;32m  OK  [0m] Reached target Timers.
[[0;32m  OK  [0m] Reached target Network is Online.
         Starting iSCSI initiator daemon (iscsid)...
[[0;32m  OK  [0m] Listening on LXD - unix socket.
[[0;32m  OK  [0m] Listening on Socket activation for snappy daemon.
[[0;32m  OK  [0m] Reached target Sockets.
[[0;32m  OK  [0m] Reached target Basic System.
         Starting LSB: Record successful boot for GRUB...
         Starting /etc/rc.local Compatibility...
[[0;32m  OK  [0m] Started Regular background program processing daemon.
         Starting Login Service...
[[0;32m  OK  [0m] Started FUSE filesystem for LXC.
         Starting Virtualbox guest utils...
         Starting LSB: MD monitoring daemon...
[[0;32m  OK  [0m] Started Unattended Upgrades Shutdown.
         Starting Accounts Service...
[[0;32m  OK  [0m] Started Deferred execution scheduler.
         Starting OpenBSD Secure Shell server...
         Starting System Logging Service...
[[0;32m  OK  [0m] Started D-Bus System Message Bus.
         Starting Snappy daemon...
         Starting Apply the settings specified in cloud-config...
[[0;32m  OK  [0m] Started ACPI event daemon.
         Starting LXD - container startup/shutdown...
[[0;32m  OK  [0m] Started System Logging Service.
[[0;32m  OK  [0m] Started OpenBSD Secure Shell server.
[[0;32m  OK  [0m] Started /etc/rc.local Compatibility.
[[0;32m  OK  [0m] Started Login Service.
[[0;32m  OK  [0m] Started LSB: Record successful boot for GRUB.
[[0;32m  OK  [0m] Started LSB: MD monitoring daemon.
[[0;32m  OK  [0m] Started iSCSI initiator daemon (iscsid).
         Starting Login to default iSCSI targets...
         Starting Authenticate and Authorize Users to Run Privileged Tasks...
[   27.459838] cloud-init[1187]: Cloud-init v. 18.2 running 'modules:config' at Fri, 06 Jul 2018 22:39:30 +0000. Up 26.73 seconds.
[[0;32m  OK  [0m] Started Apply the settings specified in cloud-config.
[[0;32m  OK  [0m] Started Login to default iSCSI targets.
[[0;32m  OK  [0m] Reached target Remote File Systems (Pre).
[[0;32m  OK  [0m] Reached target Remote File Systems.
         Starting LSB: automatic crash report generation...
         Starting LSB: daemon to balance interrupts for SMP systems...
         Starting Permit User Sessions...
         Starting LSB: Set the CPU Frequency Scaling governor to "ondemand"...
[[0;32m  OK  [0m] Started Virtualbox guest utils.
[[0;32m  OK  [0m] Started Authenticate and Authorize Users to Run Privileged Tasks.
[[0;32m  OK  [0m] Started Accounts Service.
[[0;32m  OK  [0m] Started LSB: Set the CPU Frequency Scaling governor to "ondemand".
[[0;32m  OK  [0m] Started Permit User Sessions.
         Starting Terminate Plymouth Boot Screen...
         Starting Hold until boot process finishes up...
[[0;32m  OK  [0m] Started Terminate Plymouth Boot Screen.
[[0;32m  OK  [0m] Started Hold until boot process finishes up.
[[0;32m  OK  [0m] Started Serial Getty on ttyS0.
[[0;32m  OK  [0m] Started Getty on tty1.
[[0;32m  OK  [0m] Reached target Login Prompts.
         Starting Set console scheme...
[[0;32m  OK  [0m] Started LSB: automatic crash report generation.
[[0;32m  OK  [0m] Started LSB: daemon to balance interrupts for SMP systems.
[[0;32m  OK  [0m] Started Set console scheme.
[[0;32m  OK  [0m] Created slice User Slice of vagrant.
         Starting User Manager for UID 1000...
[[0;32m  OK  [0m] Started Session 1 of user vagrant.
[[0;32m  OK  [0m] Started User Manager for UID 1000.
[[0;32m  OK  [0m] Started Snappy daemon.
         Starting Wait until snapd is fully seeded...
[[0;32m  OK  [0m] Started Wait until snapd is fully seeded.
[[0;32m  OK  [0m] Started LXD - container startup/shutdown.
[[0;32m  OK  [0m] Reached target Multi-User System.
         Starting Execute cloud user/final scripts...
[[0;32m  OK  [0m] Reached target Graphical Interface.
         Starting Update UTMP about System Runlevel Changes...
[[0;32m  OK  [0m] Started Update UTMP about System Runlevel Changes.
[   30.090135] cloud-init[1387]: Cloud-init v. 18.2 running 'modules:final' at Fri, 06 Jul 2018 22:39:33 +0000. Up 29.82 seconds.
[   30.192830] [cloud-init[0;32m  OK  [0m[1387]: ] Cloud-init v. 18.2 finished at Fri, 06 Jul 2018 22:39:33 +0000. Datasource DataSourceNoCloud [seed=/dev/sdb][dsmode=net].  Up 30.08 secondsStarted Execute cloud user/final scripts.

         Starting Daily apt download activities...
[[0;32m  OK  [0m] Reached target Cloud-init target.

Ubuntu 16.04.4 LTS ubuntu-xenial ttyS0

ubuntu-xenial login: 